<?xml version="1.0" encoding="UTF-8"?>
<testng-results ignored="0" total="1" passed="1" failed="0" skipped="0">
  <reporter-output>
  </reporter-output>
  <suite started-at="2022-04-25T11:34:34 BST" name="Default suite" finished-at="2022-04-25T11:36:57 BST" duration-ms="143336">
    <groups>
    </groups>
    <test started-at="2022-04-25T11:34:34 BST" name="Default test" finished-at="2022-04-25T11:36:57 BST" duration-ms="143336">
      <class name="com.smartclaims.testCases.TC_LiabilityConNeg">
        <test-method is-config="true" signature="beforeTest()[pri:0, instance:com.smartclaims.testCases.TC_LiabilityConNeg@f5acb9d]" started-at="2022-04-25T11:34:34 BST" name="beforeTest" finished-at="2022-04-25T11:34:34 BST" duration-ms="162" status="PASS">
          <reporter-output>
          </reporter-output>
        </test-method> <!-- beforeTest -->
        <test-method is-config="true" signature="setup()[pri:0, instance:com.smartclaims.testCases.TC_LiabilityConNeg@f5acb9d]" started-at="2022-04-25T11:34:34 BST" name="setup" finished-at="2022-04-25T11:34:36 BST" duration-ms="1911" status="PASS">
          <reporter-output>
          </reporter-output>
        </test-method> <!-- setup -->
        <test-method signature="addClaimFacts(java.lang.String,java.lang.String,java.lang.String,java.lang.String,java.lang.String,java.lang.String)[pri:1, instance:com.smartclaims.testCases.TC_LiabilityConNeg@f5acb9d]" started-at="2022-04-25T11:34:36 BST" name="addClaimFacts" data-provider="ClaimDetails" finished-at="2022-04-25T11:36:57 BST" duration-ms="140762" status="PASS">
          <params>
            <param index="0">
              <value>
                <![CDATA[13/04/2022]]>
              </value>
            </param>
            <param index="1">
              <value>
                <![CDATA[LiabilityWithConNeg]]>
              </value>
            </param>
            <param index="2">
              <value>
                <![CDATA[Tester]]>
              </value>
            </param>
            <param index="3">
              <value>
                <![CDATA[QA]]>
              </value>
            </param>
            <param index="4">
              <value>
                <![CDATA[Test]]>
              </value>
            </param>
            <param index="5">
              <value>
                <![CDATA[LiabilityWithConNeg]]>
              </value>
            </param>
          </params>
          <reporter-output>
          </reporter-output>
        </test-method> <!-- addClaimFacts -->
        <test-method is-config="true" signature="getResult(org.testng.ITestResult)[pri:0, instance:com.smartclaims.testCases.TC_LiabilityConNeg@f5acb9d]" started-at="2022-04-25T11:36:57 BST" name="getResult" finished-at="2022-04-25T11:36:57 BST" duration-ms="1" status="PASS">
          <params>
            <param index="0">
              <value>
                <![CDATA[[TestResult name=addClaimFacts status=SUCCESS method=TC_LiabilityConNeg.addClaimFacts(java.lang.String,java.lang.String,java.lang.String,java.lang.String,java.lang.String,java.lang.String)[pri:1, instance:com.smartclaims.testCases.TC_LiabilityConNeg@f5acb9d] output={null}]]]>
              </value>
            </param>
          </params>
          <reporter-output>
          </reporter-output>
        </test-method> <!-- getResult -->
        <test-method is-config="true" signature="tearDown()[pri:0, instance:com.smartclaims.testCases.TC_LiabilityConNeg@f5acb9d]" started-at="2022-04-25T11:36:57 BST" name="tearDown" finished-at="2022-04-25T11:36:57 BST" duration-ms="36" status="PASS">
          <reporter-output>
          </reporter-output>
        </test-method> <!-- tearDown -->
        <test-method is-config="true" signature="tearDownExtent()[pri:0, instance:com.smartclaims.testCases.TC_LiabilityConNeg@f5acb9d]" started-at="2022-04-25T11:36:57 BST" name="tearDownExtent" finished-at="2022-04-25T11:36:57 BST" duration-ms="255" status="PASS">
          <reporter-output>
          </reporter-output>
        </test-method> <!-- tearDownExtent -->
      </class> <!-- com.smartclaims.testCases.TC_LiabilityConNeg -->
    </test> <!-- Default test -->
  </suite> <!-- Default suite -->
</testng-results>
